<?xml version="1.0" encoding="UTF-8"?>
<coverage generated="1727378600163" clover="3.2.0">
  <project timestamp="1727378600163" name="All files">
    <metrics statements="31" coveredstatements="29" conditionals="10" coveredconditionals="7" methods="11" coveredmethods="11" elements="52" coveredelements="47" complexity="0" loc="31" ncloc="31" packages="1" files="2" classes="2"/>
    <file name="Book.js" path="C:\Users\sarth\Desktop\library-management-system\dist\Book.js">
      <metrics statements="11" coveredstatements="11" conditionals="2" coveredconditionals="1" methods="2" coveredmethods="2"/>
      <line num="2" count="4" type="stmt"/>
      <line num="3" count="4" type="stmt"/>
      <line num="4" count="4" type="stmt"/>
      <line num="6" count="5" type="cond" truecount="1" falsecount="1"/>
      <line num="7" count="5" type="stmt"/>
      <line num="8" count="5" type="stmt"/>
      <line num="9" count="5" type="stmt"/>
      <line num="10" count="5" type="stmt"/>
      <line num="11" count="5" type="stmt"/>
      <line num="13" count="4" type="stmt"/>
      <line num="15" count="4" type="stmt"/>
    </file>
    <file name="Library.js" path="C:\Users\sarth\Desktop\library-management-system\dist\Library.js">
      <metrics statements="20" coveredstatements="18" conditionals="8" coveredconditionals="6" methods="9" coveredmethods="9"/>
      <line num="2" count="4" type="stmt"/>
      <line num="3" count="4" type="stmt"/>
      <line num="4" count="4" type="stmt"/>
      <line num="6" count="4" type="stmt"/>
      <line num="8" count="4" type="stmt"/>
      <line num="9" count="5" type="stmt"/>
      <line num="11" count="4" type="stmt"/>
      <line num="12" count="2" type="cond" truecount="2" falsecount="0"/>
      <line num="13" count="2" type="cond" truecount="1" falsecount="1"/>
      <line num="14" count="0" type="stmt"/>
      <line num="16" count="2" type="stmt"/>
      <line num="18" count="4" type="stmt"/>
      <line num="19" count="1" type="stmt"/>
      <line num="20" count="1" type="cond" truecount="3" falsecount="1"/>
      <line num="21" count="0" type="stmt"/>
      <line num="23" count="1" type="stmt"/>
      <line num="25" count="4" type="stmt"/>
      <line num="26" count="5" type="stmt"/>
      <line num="28" count="4" type="stmt"/>
      <line num="30" count="4" type="stmt"/>
    </file>
  </project>
</coverage>
