{"C:\\Users\\sarth\\Desktop\\library-management-system\\dist\\Book.js": {"path":"C:\\Users\\sarth\\Desktop\\library-management-system\\dist\\Book.js","statementMap":{"0":{"start":{"line":2,"column":0},"end":{"line":2,"column":62}},"1":{"start":{"line":3,"column":0},"end":{"line":3,"column":22}},"2":{"start":{"line":4,"column":26},"end":{"line":14,"column":3}},"3":{"start":{"line":6,"column":8},"end":{"line":6,"column":55}},"4":{"start":{"line":6,"column":36},"end":{"line":6,"column":53}},"5":{"start":{"line":7,"column":8},"end":{"line":7,"column":25}},"6":{"start":{"line":8,"column":8},"end":{"line":8,"column":27}},"7":{"start":{"line":9,"column":8},"end":{"line":9,"column":29}},"8":{"start":{"line":10,"column":8},"end":{"line":10,"column":47}},"9":{"start":{"line":11,"column":8},"end":{"line":11,"column":35}},"10":{"start":{"line":13,"column":4},"end":{"line":13,"column":16}},"11":{"start":{"line":15,"column":0},"end":{"line":15,"column":20}}},"fnMap":{"0":{"name":"(anonymous_0)","decl":{"start":{"line":4,"column":26},"end":{"line":4,"column":27}},"loc":{"start":{"line":4,"column":38},"end":{"line":14,"column":1}},"line":4},"1":{"name":"Book","decl":{"start":{"line":5,"column":13},"end":{"line":5,"column":17}},"loc":{"start":{"line":5,"column":67},"end":{"line":12,"column":5}},"line":5}},"branchMap":{"0":{"loc":{"start":{"line":6,"column":8},"end":{"line":6,"column":55}},"type":"if","locations":[{"start":{"line":6,"column":8},"end":{"line":6,"column":55}},{"start":{},"end":{}}],"line":6}},"s":{"0":4,"1":4,"2":4,"3":5,"4":5,"5":5,"6":5,"7":5,"8":5,"9":5,"10":4,"11":4},"f":{"0":4,"1":5},"b":{"0":[5,0]},"_coverageSchema":"1a1c01bbd47fc00a2c39e90264f33305004495a9","hash":"807de37c169c0d45eaf1209b89a86c481031106b"}
,"C:\\Users\\sarth\\Desktop\\library-management-system\\dist\\Library.js": {"path":"C:\\Users\\sarth\\Desktop\\library-management-system\\dist\\Library.js","statementMap":{"0":{"start":{"line":2,"column":0},"end":{"line":2,"column":62}},"1":{"start":{"line":3,"column":0},"end":{"line":3,"column":25}},"2":{"start":{"line":4,"column":29},"end":{"line":29,"column":3}},"3":{"start":{"line":6,"column":8},"end":{"line":6,"column":24}},"4":{"start":{"line":8,"column":4},"end":{"line":10,"column":6}},"5":{"start":{"line":9,"column":8},"end":{"line":9,"column":30}},"6":{"start":{"line":11,"column":4},"end":{"line":17,"column":6}},"7":{"start":{"line":12,"column":19},"end":{"line":12,"column":91}},"8":{"start":{"line":12,"column":50},"end":{"line":12,"column":88}},"9":{"start":{"line":13,"column":8},"end":{"line":15,"column":9}},"10":{"start":{"line":14,"column":12},"end":{"line":14,"column":53}},"11":{"start":{"line":16,"column":8},"end":{"line":16,"column":31}},"12":{"start":{"line":18,"column":4},"end":{"line":24,"column":6}},"13":{"start":{"line":19,"column":19},"end":{"line":19,"column":76}},"14":{"start":{"line":19,"column":50},"end":{"line":19,"column":73}},"15":{"start":{"line":20,"column":8},"end":{"line":22,"column":9}},"16":{"start":{"line":21,"column":12},"end":{"line":21,"column":67}},"17":{"start":{"line":23,"column":8},"end":{"line":23,"column":30}},"18":{"start":{"line":25,"column":4},"end":{"line":27,"column":6}},"19":{"start":{"line":26,"column":8},"end":{"line":26,"column":77}},"20":{"start":{"line":26,"column":51},"end":{"line":26,"column":73}},"21":{"start":{"line":28,"column":4},"end":{"line":28,"column":19}},"22":{"start":{"line":30,"column":0},"end":{"line":30,"column":26}}},"fnMap":{"0":{"name":"(anonymous_0)","decl":{"start":{"line":4,"column":29},"end":{"line":4,"column":30}},"loc":{"start":{"line":4,"column":41},"end":{"line":29,"column":1}},"line":4},"1":{"name":"Library","decl":{"start":{"line":5,"column":13},"end":{"line":5,"column":20}},"loc":{"start":{"line":5,"column":23},"end":{"line":7,"column":5}},"line":5},"2":{"name":"(anonymous_2)","decl":{"start":{"line":8,"column":32},"end":{"line":8,"column":33}},"loc":{"start":{"line":8,"column":48},"end":{"line":10,"column":5}},"line":8},"3":{"name":"(anonymous_3)","decl":{"start":{"line":11,"column":35},"end":{"line":11,"column":36}},"loc":{"start":{"line":11,"column":51},"end":{"line":17,"column":5}},"line":11},"4":{"name":"(anonymous_4)","decl":{"start":{"line":12,"column":35},"end":{"line":12,"column":36}},"loc":{"start":{"line":12,"column":48},"end":{"line":12,"column":90}},"line":12},"5":{"name":"(anonymous_5)","decl":{"start":{"line":18,"column":35},"end":{"line":18,"column":36}},"loc":{"start":{"line":18,"column":51},"end":{"line":24,"column":5}},"line":18},"6":{"name":"(anonymous_6)","decl":{"start":{"line":19,"column":35},"end":{"line":19,"column":36}},"loc":{"start":{"line":19,"column":48},"end":{"line":19,"column":75}},"line":19},"7":{"name":"(anonymous_7)","decl":{"start":{"line":25,"column":43},"end":{"line":25,"column":44}},"loc":{"start":{"line":25,"column":55},"end":{"line":27,"column":5}},"line":25},"8":{"name":"(anonymous_8)","decl":{"start":{"line":26,"column":33},"end":{"line":26,"column":34}},"loc":{"start":{"line":26,"column":49},"end":{"line":26,"column":75}},"line":26}},"branchMap":{"0":{"loc":{"start":{"line":12,"column":57},"end":{"line":12,"column":87}},"type":"binary-expr","locations":[{"start":{"line":12,"column":57},"end":{"line":12,"column":72}},{"start":{"line":12,"column":76},"end":{"line":12,"column":87}}],"line":12},"1":{"loc":{"start":{"line":13,"column":8},"end":{"line":15,"column":9}},"type":"if","locations":[{"start":{"line":13,"column":8},"end":{"line":15,"column":9}},{"start":{},"end":{}}],"line":13},"2":{"loc":{"start":{"line":20,"column":8},"end":{"line":22,"column":9}},"type":"if","locations":[{"start":{"line":20,"column":8},"end":{"line":22,"column":9}},{"start":{},"end":{}}],"line":20},"3":{"loc":{"start":{"line":20,"column":12},"end":{"line":20,"column":35}},"type":"binary-expr","locations":[{"start":{"line":20,"column":12},"end":{"line":20,"column":17}},{"start":{"line":20,"column":21},"end":{"line":20,"column":35}}],"line":20}},"s":{"0":4,"1":4,"2":4,"3":4,"4":4,"5":5,"6":4,"7":2,"8":2,"9":2,"10":0,"11":2,"12":4,"13":1,"14":1,"15":1,"16":0,"17":1,"18":4,"19":4,"20":5,"21":4,"22":4},"f":{"0":4,"1":4,"2":5,"3":2,"4":2,"5":1,"6":1,"7":4,"8":5},"b":{"0":[2,2],"1":[0,2],"2":[0,1],"3":[1,1]},"_coverageSchema":"1a1c01bbd47fc00a2c39e90264f33305004495a9","hash":"3d9cce305bbefe54151f52b6079de913a5c44379"}
}
