TN:
SF:dist\Book.js
FN:4,(anonymous_0)
FN:5,Book
FNF:2
FNH:2
FNDA:4,(anonymous_0)
FNDA:5,Book
DA:2,4
DA:3,4
DA:4,4
DA:6,5
DA:7,5
DA:8,5
DA:9,5
DA:10,5
DA:11,5
DA:13,4
DA:15,4
LF:11
LH:11
BRDA:6,0,0,5
BRDA:6,0,1,0
BRF:2
BRH:1
end_of_record
TN:
SF:dist\Library.js
FN:4,(anonymous_0)
FN:5,Library
FN:8,(anonymous_2)
FN:11,(anonymous_3)
FN:12,(anonymous_4)
FN:18,(anonymous_5)
FN:19,(anonymous_6)
FN:25,(anonymous_7)
FN:26,(anonymous_8)
FNF:9
FNH:9
FNDA:4,(anonymous_0)
FNDA:4,Library
FNDA:5,(anonymous_2)
FNDA:2,(anonymous_3)
FNDA:2,(anonymous_4)
FNDA:1,(anonymous_5)
FNDA:1,(anonymous_6)
FNDA:4,(anonymous_7)
FNDA:5,(anonymous_8)
DA:2,4
DA:3,4
DA:4,4
DA:6,4
DA:8,4
DA:9,5
DA:11,4
DA:12,2
DA:13,2
DA:14,0
DA:16,2
DA:18,4
DA:19,1
DA:20,1
DA:21,0
DA:23,1
DA:25,4
DA:26,5
DA:28,4
DA:30,4
LF:20
LH:18
BRDA:12,0,0,2
BRDA:12,0,1,2
BRDA:13,1,0,0
BRDA:13,1,1,2
BRDA:20,2,0,0
BRDA:20,2,1,1
BRDA:20,3,0,1
BRDA:20,3,1,1
BRF:8
BRH:6
end_of_record
